[debug] [2023-02-15T07:47:02.334Z] ----------------------------------------------------------------------
[debug] [2023-02-15T07:47:02.337Z] Command:       /usr/local/bin/node /usr/local/bin/firebase init
[debug] [2023-02-15T07:47:02.338Z] CLI Version:   11.23.1
[debug] [2023-02-15T07:47:02.338Z] Platform:      linux
[debug] [2023-02-15T07:47:02.339Z] Node Version:  v18.13.0
[debug] [2023-02-15T07:47:02.339Z] Time:          Wed Feb 15 2023 13:17:02 GMT+0530 (India Standard Time)
[debug] [2023-02-15T07:47:02.339Z] ----------------------------------------------------------------------
[debug] 
[debug] [2023-02-15T07:47:02.347Z] > command requires scopes: ["email","openid","https://www.googleapis.com/auth/cloudplatformprojects.readonly","https://www.googleapis.com/auth/firebase","https://www.googleapis.com/auth/cloud-platform"]
[debug] [2023-02-15T07:47:02.347Z] > authorizing via signed-in user (mayuraalahakoon@gmail.com)
[info] 
     ######## #### ########  ######## ########     ###     ######  ########
     ##        ##  ##     ## ##       ##     ##  ##   ##  ##       ##
     ######    ##  ########  ######   ########  #########  ######  ######
     ##        ##  ##    ##  ##       ##     ## ##     ##       ## ##
     ##       #### ##     ## ######## ########  ##     ##  ######  ########

You're about to initialize a Firebase project in this directory:

  /home/andrewcodex/react/project-mgt

[info] 
=== Project Setup
[info] 
[info] First, let's associate this project directory with a Firebase project.
[info] You can create multiple project aliases by running firebase use --add, 
[info] but for now we'll just set up a default project.
[info] 
[debug] [2023-02-15T07:47:29.818Z] >>> [apiv2][query] GET https://firebase.googleapis.com/v1beta1/projects pageSize=100
[debug] [2023-02-15T07:47:31.166Z] <<< [apiv2][status] GET https://firebase.googleapis.com/v1beta1/projects 200
[debug] [2023-02-15T07:47:31.167Z] <<< [apiv2][body] GET https://firebase.googleapis.com/v1beta1/projects [omitted]
[info] i  Using project project-mgt-next (project-mgt-next) 
[info] 
=== Hosting Setup
[info] 
[info] Your public directory is the folder (relative to your project directory) that
[info] will contain Hosting assets to be uploaded with firebase deploy. If you
[info] have a build process for your assets, use your build's output directory.
[info] 
[debug] [2023-02-15T07:48:13.652Z] >>> [apiv2][query] GET https://www.gstatic.com/firebasejs/releases.json [none]
[debug] [2023-02-15T07:48:14.004Z] <<< [apiv2][status] GET https://www.gstatic.com/firebasejs/releases.json 200
[debug] [2023-02-15T07:48:14.005Z] <<< [apiv2][body] GET https://www.gstatic.com/firebasejs/releases.json {"current":{"version":"9.17.1","browserURL":"https://www.gstatic.com/firebasejs/9.17.1/firebase.js","packageURL":"https://www.gstatic.com/firebasejs/9.17.1/firebase.tgz"},"live":{"version":"9.17","browserURL":"https://www.gstatic.com/firebasejs/live/9.17/firebase.js","packageURL":"https://www.gstatic.com/firebasejs/live/9.17/firebase.tgz"},"components":{"analytics":"https://www.gstatic.com/firebasejs/9.17.1/firebase-analytics.js","app":"https://www.gstatic.com/firebasejs/9.17.1/firebase-app.js","app-check":"https://www.gstatic.com/firebasejs/9.17.1/firebase-app-check.js","auth":"https://www.gstatic.com/firebasejs/9.17.1/firebase-auth.js","auth/cordova":"https://www.gstatic.com/firebasejs/9.17.1/firebase-auth/cordova.js","auth/react-native":"https://www.gstatic.com/firebasejs/9.17.1/firebase-auth/react-native.js","functions":"https://www.gstatic.com/firebasejs/9.17.1/firebase-functions.js","firestore":"https://www.gstatic.com/firebasejs/9.17.1/firebase-firestore.js","firestore/lite":"https://www.gstatic.com/firebasejs/9.17.1/firebase-firestore/lite.js","installations":"https://www.gstatic.com/firebasejs/9.17.1/firebase-installations.js","storage":"https://www.gstatic.com/firebasejs/9.17.1/firebase-storage.js","performance":"https://www.gstatic.com/firebasejs/9.17.1/firebase-performance.js","remote-config":"https://www.gstatic.com/firebasejs/9.17.1/firebase-remote-config.js","messaging":"https://www.gstatic.com/firebasejs/9.17.1/firebase-messaging.js","messaging/sw":"https://www.gstatic.com/firebasejs/9.17.1/firebase-messaging/sw.js","database":"https://www.gstatic.com/firebasejs/9.17.1/firebase-database.js","firestore.memory":"https://www.gstatic.com/firebasejs/9.17.1/firebase-firestore.memory.js"}}
[info] ✔  Wrote public/index.html 
[info] 
[info] i  Detected a .git folder at /home/andrewcodex/react/project-mgt 
[info] i  Authorizing with GitHub to upload your service account to a GitHub repository's secrets store. 
[info] 
[info] Visit this URL on this device to log in:
[info] https://github.com/login/oauth/authorize?client_id=89cf50f02ac6aaed3484&state=382128180&redirect_uri=http%3A%2F%2Flocalhost%3A9005&scope=read%3Auser%20repo%20public_repo
[info] 
[info] Waiting for authentication...
[debug] [2023-02-15T07:48:41.222Z] >>> [apiv2][query] POST https://github.com/login/oauth/access_token [none]
[debug] [2023-02-15T07:48:41.222Z] >>> [apiv2][body] POST https://github.com/login/oauth/access_token [stream]
[debug] [2023-02-15T07:48:42.005Z] <<< [apiv2][status] POST https://github.com/login/oauth/access_token 200
[debug] [2023-02-15T07:48:42.005Z] <<< [apiv2][body] POST https://github.com/login/oauth/access_token {"access_token":"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","token_type":"bearer","scope":"read:user,repo"}
[debug] [2023-02-15T07:48:42.018Z] >>> [apiv2][query] GET https://api.github.com/user [none]
[debug] [2023-02-15T07:48:42.719Z] <<< [apiv2][status] GET https://api.github.com/user 200
[debug] [2023-02-15T07:48:42.720Z] <<< [apiv2][body] GET https://api.github.com/user {"login":"mayura-alahakoon","id":48531182,"node_id":"MDQ6VXNlcjQ4NTMxMTgy","avatar_url":"https://avatars.githubusercontent.com/u/48531182?v=4","gravatar_id":"","url":"https://api.github.com/users/mayura-alahakoon","html_url":"https://github.com/mayura-alahakoon","followers_url":"https://api.github.com/users/mayura-alahakoon/followers","following_url":"https://api.github.com/users/mayura-alahakoon/following{/other_user}","gists_url":"https://api.github.com/users/mayura-alahakoon/gists{/gist_id}","starred_url":"https://api.github.com/users/mayura-alahakoon/starred{/owner}{/repo}","subscriptions_url":"https://api.github.com/users/mayura-alahakoon/subscriptions","organizations_url":"https://api.github.com/users/mayura-alahakoon/orgs","repos_url":"https://api.github.com/users/mayura-alahakoon/repos","events_url":"https://api.github.com/users/mayura-alahakoon/events{/privacy}","received_events_url":"https://api.github.com/users/mayura-alahakoon/received_events","type":"User","site_admin":false,"name":"mayura_andrew","company":null,"blog":"https://mayuraalahakoon.me","location":"Sri Lanka","email":null,"hireable":true,"bio":"Software Engineering && Network Engineering Undergraduate | Focusing on Backend Technologies | Open-Source enthusiast | Global Citizen","twitter_username":"mayura_andrew","public_repos":44,"public_gists":1,"followers":14,"following":50,"created_at":"2019-03-13T19:12:02Z","updated_at":"2023-02-11T09:56:14Z","private_gists":0,"total_private_repos":2,"owned_private_repos":2,"disk_usage":82359,"collaborators":0,"two_factor_authentication":false,"plan":{"name":"pro","space":976562499,"collaborators":0,"private_repos":9999}}
[info] 
[info] ✔  Success! Logged into GitHub as mayura-alahakoon 
[info] 
